<?xml version="1.0" encoding="UTF-8"?>
<coverage generated="1529232574103" clover="3.2.0">
  <project timestamp="1529232574103" name="All files">
    <metrics statements="94" coveredstatements="85" conditionals="44" coveredconditionals="41" methods="12" coveredmethods="10" elements="150" coveredelements="136" complexity="0" loc="94" ncloc="94" packages="2" files="4" classes="4">
      <package name="config">
        <metrics statements="4" coveredstatements="4" conditionals="2" coveredconditionals="2" methods="1" coveredmethods="1"/>
        <file name="config.js" path="/Users/kevin/Projects/NodeJs/test-iag/test-iag/config/config.js">
          <metrics statements="4" coveredstatements="4" conditionals="2" coveredconditionals="2" methods="1" coveredmethods="1"/>
          <line num="1" count="3" type="stmt"/>
          <line num="2" count="3" type="stmt"/>
          <line num="7" count="3" type="stmt"/>
          <line num="8" count="4" type="stmt"/>
        </file>
      </package>
      <package name="src">
        <metrics statements="90" coveredstatements="81" conditionals="42" coveredconditionals="39" methods="11" coveredmethods="9"/>
        <file name="action.js" path="/Users/kevin/Projects/NodeJs/test-iag/test-iag/src/action.js">
          <metrics statements="41" coveredstatements="37" conditionals="25" coveredconditionals="23" methods="6" coveredmethods="5"/>
          <line num="1" count="2" type="stmt"/>
          <line num="2" count="2" type="stmt"/>
          <line num="3" count="2" type="stmt"/>
          <line num="9" count="2" type="stmt"/>
          <line num="21" count="11" type="stmt"/>
          <line num="23" count="11" type="stmt"/>
          <line num="24" count="11" type="stmt"/>
          <line num="26" count="11" type="stmt"/>
          <line num="27" count="11" type="stmt"/>
          <line num="44" count="12" type="stmt"/>
          <line num="45" count="12" type="stmt"/>
          <line num="47" count="20" type="stmt"/>
          <line num="48" count="10" type="stmt"/>
          <line num="49" count="10" type="stmt"/>
          <line num="50" count="10" type="stmt"/>
          <line num="52" count="10" type="stmt"/>
          <line num="53" count="10" type="stmt"/>
          <line num="54" count="10" type="stmt"/>
          <line num="55" count="10" type="stmt"/>
          <line num="56" count="10" type="stmt"/>
          <line num="57" count="10" type="stmt"/>
          <line num="58" count="0" type="cond" truecount="0" falsecount="2"/>
          <line num="59" count="0" type="stmt"/>
          <line num="61" count="0" type="stmt"/>
          <line num="63" count="0" type="stmt"/>
          <line num="65" count="10" type="stmt"/>
          <line num="75" count="31" type="stmt"/>
          <line num="76" count="31" type="cond" truecount="5" falsecount="0"/>
          <line num="78" count="2" type="stmt"/>
          <line num="81" count="29" type="cond" truecount="6" falsecount="0"/>
          <line num="82" count="2" type="stmt"/>
          <line num="85" count="27" type="cond" truecount="6" falsecount="0"/>
          <line num="87" count="1" type="stmt"/>
          <line num="90" count="26" type="cond" truecount="2" falsecount="0"/>
          <line num="91" count="1" type="stmt"/>
          <line num="93" count="25" type="stmt"/>
          <line num="101" count="2" type="stmt"/>
          <line num="102" count="2" type="cond" truecount="4" falsecount="0"/>
          <line num="103" count="1" type="stmt"/>
          <line num="105" count="1" type="stmt"/>
          <line num="109" count="2" type="stmt"/>
        </file>
        <file name="board.js" path="/Users/kevin/Projects/NodeJs/test-iag/test-iag/src/board.js">
          <metrics statements="9" coveredstatements="9" conditionals="6" coveredconditionals="6" methods="2" coveredmethods="2"/>
          <line num="1" count="1" type="stmt"/>
          <line num="5" count="4" type="stmt"/>
          <line num="6" count="4" type="cond" truecount="4" falsecount="0"/>
          <line num="7" count="1" type="stmt"/>
          <line num="9" count="3" type="stmt"/>
          <line num="10" count="3" type="stmt"/>
          <line num="14" count="1" type="stmt"/>
          <line num="15" count="1" type="stmt"/>
          <line num="19" count="1" type="stmt"/>
        </file>
        <file name="player.js" path="/Users/kevin/Projects/NodeJs/test-iag/test-iag/src/player.js">
          <metrics statements="40" coveredstatements="35" conditionals="11" coveredconditionals="10" methods="3" coveredmethods="2"/>
          <line num="1" count="1" type="stmt"/>
          <line num="2" count="1" type="stmt"/>
          <line num="6" count="2" type="stmt"/>
          <line num="7" count="2" type="stmt"/>
          <line num="8" count="2" type="stmt"/>
          <line num="9" count="2" type="cond" truecount="2" falsecount="0"/>
          <line num="10" count="2" type="stmt"/>
          <line num="11" count="2" type="stmt"/>
          <line num="19" count="17" type="stmt"/>
          <line num="20" count="17" type="cond" truecount="8" falsecount="1"/>
          <line num="22" count="4" type="stmt"/>
          <line num="23" count="4" type="stmt"/>
          <line num="27" count="4" type="stmt"/>
          <line num="29" count="4" type="stmt"/>
          <line num="30" count="4" type="stmt"/>
          <line num="31" count="4" type="stmt"/>
          <line num="33" count="4" type="stmt"/>
          <line num="36" count="6" type="stmt"/>
          <line num="37" count="6" type="stmt"/>
          <line num="38" count="6" type="stmt"/>
          <line num="39" count="0" type="stmt"/>
          <line num="40" count="0" type="stmt"/>
          <line num="42" count="6" type="stmt"/>
          <line num="45" count="1" type="stmt"/>
          <line num="46" count="1" type="stmt"/>
          <line num="49" count="1" type="stmt"/>
          <line num="50" count="1" type="stmt"/>
          <line num="53" count="1" type="stmt"/>
          <line num="54" count="1" type="stmt"/>
          <line num="57" count="2" type="stmt"/>
          <line num="58" count="2" type="stmt"/>
          <line num="61" count="0" type="stmt"/>
          <line num="62" count="0" type="stmt"/>
          <line num="63" count="0" type="stmt"/>
          <line num="66" count="1" type="stmt"/>
          <line num="67" count="1" type="stmt"/>
          <line num="68" count="1" type="stmt"/>
          <line num="71" count="1" type="stmt"/>
          <line num="72" count="1" type="stmt"/>
          <line num="78" count="1" type="stmt"/>
        </file>
      </package>
    </metrics>
  </project>
</coverage>
