{"/Users/kevin/Projects/NodeJs/test-iag/test-iag/config/config.js": {"path":"/Users/kevin/Projects/NodeJs/test-iag/test-iag/config/config.js","statementMap":{"0":{"start":{"line":1,"column":15},"end":{"line":1,"column":32}},"1":{"start":{"line":2,"column":15},"end":{"line":5,"column":2}},"2":{"start":{"line":7,"column":0},"end":{"line":9,"column":2}},"3":{"start":{"line":8,"column":20},"end":{"line":8,"column":34}}},"fnMap":{"0":{"name":"(anonymous_0)","decl":{"start":{"line":8,"column":12},"end":{"line":8,"column":13}},"loc":{"start":{"line":8,"column":18},"end":{"line":8,"column":36}},"line":8}},"branchMap":{"0":{"loc":{"start":{"line":4,"column":11},"end":{"line":4,"column":42}},"type":"binary-expr","locations":[{"start":{"line":4,"column":11},"end":{"line":4,"column":32}},{"start":{"line":4,"column":36},"end":{"line":4,"column":42}}],"line":4}},"s":{"0":3,"1":3,"2":3,"3":4},"f":{"0":4},"b":{"0":[3,3]},"_coverageSchema":"332fd63041d2c1bcb487cc26dd0d5f7d97098a6c","hash":"a38cb64f2bb1f074f32aaedf4d720b85b5f91ac9"}
,"/Users/kevin/Projects/NodeJs/test-iag/test-iag/src/action.js": {"path":"/Users/kevin/Projects/NodeJs/test-iag/test-iag/src/action.js","statementMap":{"0":{"start":{"line":1,"column":15},"end":{"line":1,"column":51}},"1":{"start":{"line":2,"column":19},"end":{"line":2,"column":53}},"2":{"start":{"line":3,"column":18},"end":{"line":8,"column":1}},"3":{"start":{"line":9,"column":16},"end":{"line":9,"column":42}},"4":{"start":{"line":21,"column":8},"end":{"line":21,"column":44}},"5":{"start":{"line":23,"column":8},"end":{"line":23,"column":47}},"6":{"start":{"line":24,"column":8},"end":{"line":24,"column":46}},"7":{"start":{"line":26,"column":18},"end":{"line":26,"column":79}},"8":{"start":{"line":27,"column":8},"end":{"line":31,"column":11}},"9":{"start":{"line":44,"column":8},"end":{"line":44,"column":40}},"10":{"start":{"line":45,"column":8},"end":{"line":45,"column":58}},"11":{"start":{"line":47,"column":24},"end":{"line":47,"column":74}},"12":{"start":{"line":47,"column":50},"end":{"line":47,"column":73}},"13":{"start":{"line":48,"column":26},"end":{"line":48,"column":55}},"14":{"start":{"line":49,"column":8},"end":{"line":49,"column":56}},"15":{"start":{"line":50,"column":8},"end":{"line":50,"column":56}},"16":{"start":{"line":52,"column":21},"end":{"line":52,"column":23}},"17":{"start":{"line":53,"column":8},"end":{"line":53,"column":41}},"18":{"start":{"line":54,"column":8},"end":{"line":54,"column":31}},"19":{"start":{"line":55,"column":8},"end":{"line":55,"column":29}},"20":{"start":{"line":56,"column":8},"end":{"line":56,"column":73}},"21":{"start":{"line":57,"column":8},"end":{"line":64,"column":11}},"22":{"start":{"line":58,"column":12},"end":{"line":62,"column":13}},"23":{"start":{"line":59,"column":16},"end":{"line":59,"column":32}},"24":{"start":{"line":61,"column":16},"end":{"line":61,"column":31}},"25":{"start":{"line":63,"column":12},"end":{"line":63,"column":26}},"26":{"start":{"line":65,"column":8},"end":{"line":65,"column":22}},"27":{"start":{"line":75,"column":8},"end":{"line":75,"column":56}},"28":{"start":{"line":76,"column":8},"end":{"line":79,"column":9}},"29":{"start":{"line":78,"column":12},"end":{"line":78,"column":50}},"30":{"start":{"line":81,"column":8},"end":{"line":83,"column":9}},"31":{"start":{"line":82,"column":12},"end":{"line":82,"column":45}},"32":{"start":{"line":85,"column":8},"end":{"line":88,"column":9}},"33":{"start":{"line":87,"column":12},"end":{"line":87,"column":45}},"34":{"start":{"line":90,"column":8},"end":{"line":92,"column":9}},"35":{"start":{"line":91,"column":12},"end":{"line":91,"column":71}},"36":{"start":{"line":93,"column":8},"end":{"line":93,"column":26}},"37":{"start":{"line":101,"column":8},"end":{"line":101,"column":60}},"38":{"start":{"line":102,"column":8},"end":{"line":104,"column":9}},"39":{"start":{"line":103,"column":12},"end":{"line":103,"column":61}},"40":{"start":{"line":105,"column":8},"end":{"line":105,"column":26}},"41":{"start":{"line":109,"column":0},"end":{"line":109,"column":24}}},"fnMap":{"0":{"name":"(anonymous_0)","decl":{"start":{"line":20,"column":4},"end":{"line":20,"column":5}},"loc":{"start":{"line":20,"column":41},"end":{"line":32,"column":5}},"line":20},"1":{"name":"(anonymous_1)","decl":{"start":{"line":43,"column":4},"end":{"line":43,"column":5}},"loc":{"start":{"line":43,"column":53},"end":{"line":66,"column":5}},"line":43},"2":{"name":"(anonymous_2)","decl":{"start":{"line":47,"column":45},"end":{"line":47,"column":46}},"loc":{"start":{"line":47,"column":50},"end":{"line":47,"column":73}},"line":47},"3":{"name":"(anonymous_3)","decl":{"start":{"line":57,"column":74},"end":{"line":57,"column":75}},"loc":{"start":{"line":57,"column":80},"end":{"line":64,"column":9}},"line":57},"4":{"name":"(anonymous_4)","decl":{"start":{"line":74,"column":4},"end":{"line":74,"column":5}},"loc":{"start":{"line":74,"column":54},"end":{"line":94,"column":5}},"line":74},"5":{"name":"(anonymous_5)","decl":{"start":{"line":100,"column":4},"end":{"line":100,"column":5}},"loc":{"start":{"line":100,"column":30},"end":{"line":106,"column":5}},"line":100}},"branchMap":{"0":{"loc":{"start":{"line":58,"column":12},"end":{"line":62,"column":13}},"type":"if","locations":[{"start":{"line":58,"column":12},"end":{"line":62,"column":13}},{"start":{"line":58,"column":12},"end":{"line":62,"column":13}}],"line":58},"1":{"loc":{"start":{"line":76,"column":8},"end":{"line":79,"column":9}},"type":"if","locations":[{"start":{"line":76,"column":8},"end":{"line":79,"column":9}},{"start":{"line":76,"column":8},"end":{"line":79,"column":9}}],"line":76},"2":{"loc":{"start":{"line":76,"column":12},"end":{"line":77,"column":46}},"type":"binary-expr","locations":[{"start":{"line":76,"column":12},"end":{"line":76,"column":42}},{"start":{"line":76,"column":46},"end":{"line":76,"column":77}},{"start":{"line":77,"column":15},"end":{"line":77,"column":46}}],"line":76},"3":{"loc":{"start":{"line":81,"column":8},"end":{"line":83,"column":9}},"type":"if","locations":[{"start":{"line":81,"column":8},"end":{"line":83,"column":9}},{"start":{"line":81,"column":8},"end":{"line":83,"column":9}}],"line":81},"4":{"loc":{"start":{"line":81,"column":12},"end":{"line":81,"column":82}},"type":"binary-expr","locations":[{"start":{"line":81,"column":12},"end":{"line":81,"column":37}},{"start":{"line":81,"column":41},"end":{"line":81,"column":47}},{"start":{"line":81,"column":51},"end":{"line":81,"column":64}},{"start":{"line":81,"column":68},"end":{"line":81,"column":82}}],"line":81},"5":{"loc":{"start":{"line":85,"column":8},"end":{"line":88,"column":9}},"type":"if","locations":[{"start":{"line":85,"column":8},"end":{"line":88,"column":9}},{"start":{"line":85,"column":8},"end":{"line":88,"column":9}}],"line":85},"6":{"loc":{"start":{"line":85,"column":12},"end":{"line":86,"column":51}},"type":"binary-expr","locations":[{"start":{"line":85,"column":12},"end":{"line":85,"column":40}},{"start":{"line":85,"column":44},"end":{"line":85,"column":73}},{"start":{"line":86,"column":15},"end":{"line":86,"column":31}},{"start":{"line":86,"column":35},"end":{"line":86,"column":51}}],"line":85},"7":{"loc":{"start":{"line":90,"column":8},"end":{"line":92,"column":9}},"type":"if","locations":[{"start":{"line":90,"column":8},"end":{"line":92,"column":9}},{"start":{"line":90,"column":8},"end":{"line":92,"column":9}}],"line":90},"8":{"loc":{"start":{"line":102,"column":8},"end":{"line":104,"column":9}},"type":"if","locations":[{"start":{"line":102,"column":8},"end":{"line":104,"column":9}},{"start":{"line":102,"column":8},"end":{"line":104,"column":9}}],"line":102},"9":{"loc":{"start":{"line":102,"column":12},"end":{"line":102,"column":61}},"type":"binary-expr","locations":[{"start":{"line":102,"column":12},"end":{"line":102,"column":23}},{"start":{"line":102,"column":27},"end":{"line":102,"column":61}}],"line":102}},"s":{"0":2,"1":2,"2":2,"3":2,"4":11,"5":11,"6":11,"7":11,"8":11,"9":12,"10":12,"11":10,"12":20,"13":10,"14":10,"15":10,"16":10,"17":10,"18":10,"19":10,"20":10,"21":10,"22":0,"23":0,"24":0,"25":0,"26":10,"27":31,"28":31,"29":2,"30":29,"31":2,"32":27,"33":1,"34":26,"35":1,"36":25,"37":2,"38":2,"39":1,"40":1,"41":2},"f":{"0":11,"1":12,"2":20,"3":0,"4":31,"5":2},"b":{"0":[0,0],"1":[2,29],"2":[31,29,29],"3":[2,27],"4":[29,27,27,27],"5":[1,26],"6":[27,26,26,26],"7":[1,25],"8":[1,1],"9":[2,2]},"_coverageSchema":"332fd63041d2c1bcb487cc26dd0d5f7d97098a6c","hash":"d4eec8d15e6fed879047a6baf137f6f4f418f89c"}
,"/Users/kevin/Projects/NodeJs/test-iag/test-iag/src/board.js": {"path":"/Users/kevin/Projects/NodeJs/test-iag/test-iag/src/board.js","statementMap":{"0":{"start":{"line":1,"column":15},"end":{"line":1,"column":51}},"1":{"start":{"line":5,"column":8},"end":{"line":5,"column":43}},"2":{"start":{"line":6,"column":8},"end":{"line":8,"column":9}},"3":{"start":{"line":7,"column":12},"end":{"line":7,"column":55}},"4":{"start":{"line":9,"column":8},"end":{"line":9,"column":29}},"5":{"start":{"line":10,"column":8},"end":{"line":10,"column":31}},"6":{"start":{"line":14,"column":22},"end":{"line":14,"column":47}},"7":{"start":{"line":15,"column":8},"end":{"line":15,"column":23}},"8":{"start":{"line":19,"column":0},"end":{"line":19,"column":23}}},"fnMap":{"0":{"name":"(anonymous_0)","decl":{"start":{"line":4,"column":4},"end":{"line":4,"column":5}},"loc":{"start":{"line":4,"column":41},"end":{"line":11,"column":5}},"line":4},"1":{"name":"(anonymous_1)","decl":{"start":{"line":12,"column":4},"end":{"line":12,"column":5}},"loc":{"start":{"line":12,"column":10},"end":{"line":16,"column":5}},"line":12}},"branchMap":{"0":{"loc":{"start":{"line":4,"column":16},"end":{"line":4,"column":26}},"type":"default-arg","locations":[{"start":{"line":4,"column":25},"end":{"line":4,"column":26}}],"line":4},"1":{"loc":{"start":{"line":4,"column":28},"end":{"line":4,"column":39}},"type":"default-arg","locations":[{"start":{"line":4,"column":38},"end":{"line":4,"column":39}}],"line":4},"2":{"loc":{"start":{"line":6,"column":8},"end":{"line":8,"column":9}},"type":"if","locations":[{"start":{"line":6,"column":8},"end":{"line":8,"column":9}},{"start":{"line":6,"column":8},"end":{"line":8,"column":9}}],"line":6},"3":{"loc":{"start":{"line":6,"column":12},"end":{"line":6,"column":67}},"type":"binary-expr","locations":[{"start":{"line":6,"column":12},"end":{"line":6,"column":37}},{"start":{"line":6,"column":41},"end":{"line":6,"column":67}}],"line":6}},"s":{"0":1,"1":4,"2":4,"3":1,"4":3,"5":3,"6":1,"7":1,"8":1},"f":{"0":4,"1":1},"b":{"0":[1],"1":[1],"2":[1,3],"3":[4,3]},"_coverageSchema":"332fd63041d2c1bcb487cc26dd0d5f7d97098a6c","hash":"9452045af980de3efcc7329f018000ae8fa74acd"}
,"/Users/kevin/Projects/NodeJs/test-iag/test-iag/src/player.js": {"path":"/Users/kevin/Projects/NodeJs/test-iag/test-iag/src/player.js","statementMap":{"0":{"start":{"line":1,"column":15},"end":{"line":1,"column":51}},"1":{"start":{"line":2,"column":15},"end":{"line":2,"column":34}},"2":{"start":{"line":6,"column":8},"end":{"line":6,"column":42}},"3":{"start":{"line":7,"column":8},"end":{"line":7,"column":40}},"4":{"start":{"line":8,"column":8},"end":{"line":8,"column":34}},"5":{"start":{"line":9,"column":8},"end":{"line":9,"column":59}},"6":{"start":{"line":10,"column":8},"end":{"line":10,"column":25}},"7":{"start":{"line":11,"column":8},"end":{"line":11,"column":24}},"8":{"start":{"line":19,"column":21},"end":{"line":19,"column":39}},"9":{"start":{"line":20,"column":8},"end":{"line":74,"column":9}},"10":{"start":{"line":22,"column":34},"end":{"line":22,"column":41}},"11":{"start":{"line":23,"column":16},"end":{"line":26,"column":32}},"12":{"start":{"line":27,"column":16},"end":{"line":27,"column":58}},"13":{"start":{"line":29,"column":16},"end":{"line":29,"column":33}},"14":{"start":{"line":30,"column":16},"end":{"line":30,"column":32}},"15":{"start":{"line":31,"column":16},"end":{"line":31,"column":81}},"16":{"start":{"line":33,"column":16},"end":{"line":33,"column":22}},"17":{"start":{"line":36,"column":29},"end":{"line":36,"column":113}},"18":{"start":{"line":37,"column":16},"end":{"line":37,"column":54}},"19":{"start":{"line":38,"column":16},"end":{"line":41,"column":19}},"20":{"start":{"line":39,"column":20},"end":{"line":39,"column":46}},"21":{"start":{"line":40,"column":20},"end":{"line":40,"column":44}},"22":{"start":{"line":42,"column":16},"end":{"line":42,"column":22}},"23":{"start":{"line":45,"column":16},"end":{"line":45,"column":41}},"24":{"start":{"line":46,"column":16},"end":{"line":46,"column":22}},"25":{"start":{"line":49,"column":16},"end":{"line":49,"column":41}},"26":{"start":{"line":50,"column":16},"end":{"line":50,"column":22}},"27":{"start":{"line":53,"column":16},"end":{"line":53,"column":42}},"28":{"start":{"line":54,"column":16},"end":{"line":54,"column":22}},"29":{"start":{"line":57,"column":16},"end":{"line":57,"column":42}},"30":{"start":{"line":58,"column":16},"end":{"line":58,"column":22}},"31":{"start":{"line":61,"column":16},"end":{"line":61,"column":48}},"32":{"start":{"line":62,"column":16},"end":{"line":62,"column":96}},"33":{"start":{"line":63,"column":16},"end":{"line":63,"column":22}},"34":{"start":{"line":66,"column":16},"end":{"line":66,"column":56}},"35":{"start":{"line":67,"column":16},"end":{"line":67,"column":84}},"36":{"start":{"line":68,"column":16},"end":{"line":68,"column":22}},"37":{"start":{"line":71,"column":16},"end":{"line":71,"column":42}},"38":{"start":{"line":72,"column":16},"end":{"line":72,"column":22}},"39":{"start":{"line":78,"column":0},"end":{"line":78,"column":24}}},"fnMap":{"0":{"name":"(anonymous_0)","decl":{"start":{"line":5,"column":4},"end":{"line":5,"column":5}},"loc":{"start":{"line":5,"column":23},"end":{"line":12,"column":5}},"line":5},"1":{"name":"(anonymous_1)","decl":{"start":{"line":18,"column":4},"end":{"line":18,"column":5}},"loc":{"start":{"line":18,"column":20},"end":{"line":75,"column":5}},"line":18},"2":{"name":"(anonymous_2)","decl":{"start":{"line":38,"column":42},"end":{"line":38,"column":43}},"loc":{"start":{"line":38,"column":49},"end":{"line":41,"column":17}},"line":38}},"branchMap":{"0":{"loc":{"start":{"line":9,"column":22},"end":{"line":9,"column":58}},"type":"binary-expr","locations":[{"start":{"line":9,"column":22},"end":{"line":9,"column":27}},{"start":{"line":9,"column":31},"end":{"line":9,"column":58}}],"line":9},"1":{"loc":{"start":{"line":20,"column":8},"end":{"line":74,"column":9}},"type":"switch","locations":[{"start":{"line":21,"column":12},"end":{"line":34,"column":13}},{"start":{"line":35,"column":12},"end":{"line":43,"column":13}},{"start":{"line":44,"column":12},"end":{"line":47,"column":13}},{"start":{"line":48,"column":12},"end":{"line":51,"column":13}},{"start":{"line":52,"column":12},"end":{"line":55,"column":13}},{"start":{"line":56,"column":12},"end":{"line":59,"column":13}},{"start":{"line":60,"column":12},"end":{"line":64,"column":13}},{"start":{"line":65,"column":12},"end":{"line":69,"column":13}},{"start":{"line":70,"column":12},"end":{"line":73,"column":13}}],"line":20}},"s":{"0":1,"1":1,"2":2,"3":2,"4":2,"5":2,"6":2,"7":2,"8":17,"9":17,"10":4,"11":4,"12":4,"13":4,"14":4,"15":4,"16":4,"17":6,"18":6,"19":6,"20":0,"21":0,"22":6,"23":1,"24":1,"25":1,"26":1,"27":1,"28":1,"29":2,"30":2,"31":0,"32":0,"33":0,"34":1,"35":1,"36":1,"37":1,"38":1,"39":1},"f":{"0":2,"1":17,"2":0},"b":{"0":[2,2],"1":[4,6,1,1,1,2,0,1,1]},"_coverageSchema":"332fd63041d2c1bcb487cc26dd0d5f7d97098a6c","hash":"1c5e26e2917e885b448dd19590d0e3e6a65cbeee"}
}
