TN:
SF:/Users/kevin/Projects/NodeJs/test-iag/test-iag/config/config.js
FN:8,(anonymous_0)
FNF:1
FNH:1
FNDA:4,(anonymous_0)
DA:1,3
DA:2,3
DA:7,3
DA:8,4
LF:4
LH:4
BRDA:4,0,0,3
BRDA:4,0,1,3
BRF:2
BRH:2
end_of_record
TN:
SF:/Users/kevin/Projects/NodeJs/test-iag/test-iag/src/action.js
FN:20,(anonymous_0)
FN:43,(anonymous_1)
FN:47,(anonymous_2)
FN:57,(anonymous_3)
FN:74,(anonymous_4)
FN:100,(anonymous_5)
FNF:6
FNH:5
FNDA:11,(anonymous_0)
FNDA:12,(anonymous_1)
FNDA:20,(anonymous_2)
FNDA:0,(anonymous_3)
FNDA:31,(anonymous_4)
FNDA:2,(anonymous_5)
DA:1,2
DA:2,2
DA:3,2
DA:9,2
DA:21,11
DA:23,11
DA:24,11
DA:26,11
DA:27,11
DA:44,12
DA:45,12
DA:47,20
DA:48,10
DA:49,10
DA:50,10
DA:52,10
DA:53,10
DA:54,10
DA:55,10
DA:56,10
DA:57,10
DA:58,0
DA:59,0
DA:61,0
DA:63,0
DA:65,10
DA:75,31
DA:76,31
DA:78,2
DA:81,29
DA:82,2
DA:85,27
DA:87,1
DA:90,26
DA:91,1
DA:93,25
DA:101,2
DA:102,2
DA:103,1
DA:105,1
DA:109,2
LF:41
LH:37
BRDA:58,0,0,0
BRDA:58,0,1,0
BRDA:76,1,0,2
BRDA:76,1,1,29
BRDA:76,2,0,31
BRDA:76,2,1,29
BRDA:76,2,2,29
BRDA:81,3,0,2
BRDA:81,3,1,27
BRDA:81,4,0,29
BRDA:81,4,1,27
BRDA:81,4,2,27
BRDA:81,4,3,27
BRDA:85,5,0,1
BRDA:85,5,1,26
BRDA:85,6,0,27
BRDA:85,6,1,26
BRDA:85,6,2,26
BRDA:85,6,3,26
BRDA:90,7,0,1
BRDA:90,7,1,25
BRDA:102,8,0,1
BRDA:102,8,1,1
BRDA:102,9,0,2
BRDA:102,9,1,2
BRF:25
BRH:23
end_of_record
TN:
SF:/Users/kevin/Projects/NodeJs/test-iag/test-iag/src/board.js
FN:4,(anonymous_0)
FN:12,(anonymous_1)
FNF:2
FNH:2
FNDA:4,(anonymous_0)
FNDA:1,(anonymous_1)
DA:1,1
DA:5,4
DA:6,4
DA:7,1
DA:9,3
DA:10,3
DA:14,1
DA:15,1
DA:19,1
LF:9
LH:9
BRDA:4,0,0,1
BRDA:4,1,0,1
BRDA:6,2,0,1
BRDA:6,2,1,3
BRDA:6,3,0,4
BRDA:6,3,1,3
BRF:6
BRH:6
end_of_record
TN:
SF:/Users/kevin/Projects/NodeJs/test-iag/test-iag/src/player.js
FN:5,(anonymous_0)
FN:18,(anonymous_1)
FN:38,(anonymous_2)
FNF:3
FNH:2
FNDA:2,(anonymous_0)
FNDA:17,(anonymous_1)
FNDA:0,(anonymous_2)
DA:1,1
DA:2,1
DA:6,2
DA:7,2
DA:8,2
DA:9,2
DA:10,2
DA:11,2
DA:19,17
DA:20,17
DA:22,4
DA:23,4
DA:27,4
DA:29,4
DA:30,4
DA:31,4
DA:33,4
DA:36,6
DA:37,6
DA:38,6
DA:39,0
DA:40,0
DA:42,6
DA:45,1
DA:46,1
DA:49,1
DA:50,1
DA:53,1
DA:54,1
DA:57,2
DA:58,2
DA:61,0
DA:62,0
DA:63,0
DA:66,1
DA:67,1
DA:68,1
DA:71,1
DA:72,1
DA:78,1
LF:40
LH:35
BRDA:9,0,0,2
BRDA:9,0,1,2
BRDA:20,1,0,4
BRDA:20,1,1,6
BRDA:20,1,2,1
BRDA:20,1,3,1
BRDA:20,1,4,1
BRDA:20,1,5,2
BRDA:20,1,6,0
BRDA:20,1,7,1
BRDA:20,1,8,1
BRF:11
BRH:10
end_of_record
